<?xml version="1.0" encoding="UTF-8"?>
<testng-results skipped="0" failed="0" ignored="0" total="1" passed="1">
  <reporter-output>
  </reporter-output>
  <suite name="Default suite" duration-ms="2956" started-at="2018-09-18T09:25:04Z" finished-at="2018-09-18T09:25:07Z">
    <groups>
    </groups>
    <test name="Default test" duration-ms="2956" started-at="2018-09-18T09:25:04Z" finished-at="2018-09-18T09:25:07Z">
      <class name="restWebservice.restAPI">
        <test-method status="PASS" signature="GetWeatherDetails()[pri:0, instance:restWebservice.restAPI@4678c730]" name="GetWeatherDetails" duration-ms="2916" started-at="2018-09-18T09:25:04Z" finished-at="2018-09-18T09:25:07Z">
          <reporter-output>
          </reporter-output>
        </test-method> <!-- GetWeatherDetails -->
      </class> <!-- restWebservice.restAPI -->
    </test> <!-- Default test -->
  </suite> <!-- Default suite -->
</testng-results>
